c:\users\sebac\desktop\fing\comp grafica\raytracer\whittedraytracer\whittedraytracer\debug\vc142.pdb
c:\users\sebac\desktop\fing\comp grafica\raytracer\whittedraytracer\whittedraytracer\debug\vc142.idb
c:\users\sebac\desktop\fing\comp grafica\raytracer\whittedraytracer\whittedraytracer\debug\raytracer.obj
c:\users\sebac\desktop\fing\comp grafica\raytracer\whittedraytracer\whittedraytracer\debug\whitted.obj
c:\users\sebac\desktop\fing\comp grafica\raytracer\whittedraytracer\whittedraytracer\debug\triangulo.obj
c:\users\sebac\desktop\fing\comp grafica\raytracer\whittedraytracer\whittedraytracer\debug\rayo.obj
c:\users\sebac\desktop\fing\comp grafica\raytracer\whittedraytracer\whittedraytracer\debug\plano.obj
c:\users\sebac\desktop\fing\comp grafica\raytracer\whittedraytracer\whittedraytracer\debug\pantalla.obj
c:\users\sebac\desktop\fing\comp grafica\raytracer\whittedraytracer\whittedraytracer\debug\luz.obj
c:\users\sebac\desktop\fing\comp grafica\raytracer\whittedraytracer\whittedraytracer\debug\esfera.obj
c:\users\sebac\desktop\fing\comp grafica\raytracer\whittedraytracer\whittedraytracer\debug\escena.obj
c:\users\sebac\desktop\fing\comp grafica\raytracer\whittedraytracer\whittedraytracer\debug\elemento.obj
c:\users\sebac\desktop\fing\comp grafica\raytracer\whittedraytracer\whittedraytracer\debug\cilindro.obj
c:\users\sebac\desktop\fing\comp grafica\raytracer\whittedraytracer\whittedraytracer\debug\camara.obj
c:\users\sebac\desktop\fing\comp grafica\raytracer\whittedraytracer\whittedraytracer\debug\whittedraytracer.tlog\cl.command.1.tlog
c:\users\sebac\desktop\fing\comp grafica\raytracer\whittedraytracer\whittedraytracer\debug\whittedraytracer.tlog\cl.read.1.tlog
c:\users\sebac\desktop\fing\comp grafica\raytracer\whittedraytracer\whittedraytracer\debug\whittedraytracer.tlog\cl.write.1.tlog
c:\users\sebac\desktop\fing\comp grafica\raytracer\whittedraytracer\whittedraytracer\debug\whittedraytracer.tlog\link.21844.read.1.tlog
c:\users\sebac\desktop\fing\comp grafica\raytracer\whittedraytracer\whittedraytracer\debug\whittedraytracer.tlog\link.21844.write.1.tlog
c:\users\sebac\desktop\fing\comp grafica\raytracer\whittedraytracer\whittedraytracer\debug\whittedraytracer.tlog\link.3596.read.1.tlog
c:\users\sebac\desktop\fing\comp grafica\raytracer\whittedraytracer\whittedraytracer\debug\whittedraytracer.tlog\link.3596.write.1.tlog
c:\users\sebac\desktop\fing\comp grafica\raytracer\whittedraytracer\whittedraytracer\debug\whittedraytracer.tlog\link.command.1.tlog
c:\users\sebac\desktop\fing\comp grafica\raytracer\whittedraytracer\whittedraytracer\debug\whittedraytracer.tlog\link.read.1.tlog
c:\users\sebac\desktop\fing\comp grafica\raytracer\whittedraytracer\whittedraytracer\debug\whittedraytracer.tlog\link.write.1.tlog
