  main.cpp
D:\Repos\path-tracer\WhittedRaytracer\WhittedRaytracer\PhotonMapper.h(94,44): warning C4244: '=': conversión de 'double' a 'T'; posible pérdida de datos
          with
          [
              T=float
          ]
D:\Repos\path-tracer\WhittedRaytracer\WhittedRaytracer\PhotonMapper.h(95,44): warning C4244: '=': conversión de 'double' a 'T'; posible pérdida de datos
          with
          [
              T=float
          ]
D:\Repos\path-tracer\WhittedRaytracer\WhittedRaytracer\PhotonMapper.h(96,44): warning C4244: '=': conversión de 'double' a 'T'; posible pérdida de datos
          with
          [
              T=float
          ]
D:\Repos\path-tracer\WhittedRaytracer\WhittedRaytracer\PhotonMapper.h(145,80): warning C4838: la conversión de 'double' en 'BYTE' requiere una conversión de restricción
D:\Repos\path-tracer\WhittedRaytracer\WhittedRaytracer\PhotonMapper.h(145,80): warning C4244: 'inicializando': conversión de 'double' a 'BYTE'; posible pérdida de datos
D:\Repos\path-tracer\WhittedRaytracer\WhittedRaytracer\PhotonMapper.h(145,139): warning C4838: la conversión de 'double' en 'BYTE' requiere una conversión de restricción
D:\Repos\path-tracer\WhittedRaytracer\WhittedRaytracer\PhotonMapper.h(145,139): warning C4244: 'inicializando': conversión de 'double' a 'BYTE'; posible pérdida de datos
D:\Repos\path-tracer\WhittedRaytracer\WhittedRaytracer\PhotonMapper.h(145,197): warning C4838: la conversión de 'double' en 'BYTE' requiere una conversión de restricción
D:\Repos\path-tracer\WhittedRaytracer\WhittedRaytracer\PhotonMapper.h(145,197): warning C4244: 'inicializando': conversión de 'double' a 'BYTE'; posible pérdida de datos
D:\Repos\path-tracer\WhittedRaytracer\WhittedRaytracer\PhotonMapper.h(170,83): warning C4838: la conversión de 'double' en 'BYTE' requiere una conversión de restricción
D:\Repos\path-tracer\WhittedRaytracer\WhittedRaytracer\PhotonMapper.h(170,83): warning C4244: 'inicializando': conversión de 'double' a 'BYTE'; posible pérdida de datos
D:\Repos\path-tracer\WhittedRaytracer\WhittedRaytracer\PhotonMapper.h(170,148): warning C4838: la conversión de 'double' en 'BYTE' requiere una conversión de restricción
D:\Repos\path-tracer\WhittedRaytracer\WhittedRaytracer\PhotonMapper.h(170,148): warning C4244: 'inicializando': conversión de 'double' a 'BYTE'; posible pérdida de datos
D:\Repos\path-tracer\WhittedRaytracer\WhittedRaytracer\PhotonMapper.h(170,212): warning C4838: la conversión de 'double' en 'BYTE' requiere una conversión de restricción
D:\Repos\path-tracer\WhittedRaytracer\WhittedRaytracer\PhotonMapper.h(170,212): warning C4244: 'inicializando': conversión de 'double' a 'BYTE'; posible pérdida de datos
D:\Repos\path-tracer\WhittedRaytracer\WhittedRaytracer\PhotonMapper.h(119,14): warning C4101: 'interseccionMasCercana': variable local sin referencia
D:\Repos\path-tracer\WhittedRaytracer\WhittedRaytracer\PhotonMapper.h(208,44): warning C4244: '=': conversión de 'double' a 'T'; posible pérdida de datos
          with
          [
              T=float
          ]
D:\Repos\path-tracer\WhittedRaytracer\WhittedRaytracer\PhotonMapper.h(209,44): warning C4244: '=': conversión de 'double' a 'T'; posible pérdida de datos
          with
          [
              T=float
          ]
D:\Repos\path-tracer\WhittedRaytracer\WhittedRaytracer\PhotonMapper.h(210,44): warning C4244: '=': conversión de 'double' a 'T'; posible pérdida de datos
          with
          [
              T=float
          ]
D:\Repos\path-tracer\WhittedRaytracer\WhittedRaytracer\PhotonMapper.h(284,48): warning C4244: 'inicializando': conversión de 'double' a 'float'; posible pérdida de datos
D:\Repos\path-tracer\WhittedRaytracer\WhittedRaytracer\PhotonMapper.h(285,45): warning C4244: 'inicializando': conversión de 'double' a 'float'; posible pérdida de datos
D:\Repos\path-tracer\WhittedRaytracer\WhittedRaytracer\PhotonMapper.h(297,74): warning C4244: '=': conversión de 'double' a 'float'; posible pérdida de datos
D:\Repos\path-tracer\WhittedRaytracer\WhittedRaytracer\PhotonMapper.h(298,74): warning C4244: '=': conversión de 'double' a 'float'; posible pérdida de datos
D:\Repos\path-tracer\WhittedRaytracer\WhittedRaytracer\PhotonMapper.h(299,74): warning C4244: '=': conversión de 'double' a 'float'; posible pérdida de datos
D:\Repos\path-tracer\WhittedRaytracer\WhittedRaytracer\PhotonMapper.h(336,84): warning C4244: '+=': conversión de 'double' a 'T'; posible pérdida de datos
          with
          [
              T=float
          ]
D:\Repos\path-tracer\WhittedRaytracer\WhittedRaytracer\PhotonMapper.h(337,86): warning C4244: '+=': conversión de 'double' a 'T'; posible pérdida de datos
          with
          [
              T=float
          ]
D:\Repos\path-tracer\WhittedRaytracer\WhittedRaytracer\PhotonMapper.h(338,85): warning C4244: '+=': conversión de 'double' a 'T'; posible pérdida de datos
          with
          [
              T=float
          ]
D:\Repos\path-tracer\WhittedRaytracer\WhittedRaytracer\RayTracer.h(40,52): warning C4244: '=': conversión de 'double' a 'T'; posible pérdida de datos
          with
          [
              T=float
          ]
D:\Repos\path-tracer\WhittedRaytracer\WhittedRaytracer\RayTracer.h(41,52): warning C4244: '=': conversión de 'double' a 'T'; posible pérdida de datos
          with
          [
              T=float
          ]
D:\Repos\path-tracer\WhittedRaytracer\WhittedRaytracer\RayTracer.h(42,52): warning C4244: '=': conversión de 'double' a 'T'; posible pérdida de datos
          with
          [
              T=float
          ]
D:\Repos\path-tracer\WhittedRaytracer\WhittedRaytracer\RayTracer.h(62,46): warning C4244: '=': conversión de 'float' a 'BYTE'; posible pérdida de datos
D:\Repos\path-tracer\WhittedRaytracer\WhittedRaytracer\RayTracer.h(63,48): warning C4244: '=': conversión de 'float' a 'BYTE'; posible pérdida de datos
D:\Repos\path-tracer\WhittedRaytracer\WhittedRaytracer\RayTracer.h(64,47): warning C4244: '=': conversión de 'float' a 'BYTE'; posible pérdida de datos
D:\Repos\path-tracer\WhittedRaytracer\WhittedRaytracer\RayTracer.h(117,26): warning C4305: 'inicializando': truncamiento de 'double' a 'float'
D:\Repos\path-tracer\WhittedRaytracer\WhittedRaytracer\RayTracer.h(120,28): warning C4244: 'inicializando': conversión de 'double' a 'int'; posible pérdida de datos
D:\Repos\path-tracer\WhittedRaytracer\WhittedRaytracer\RayTracer.h(121,28): warning C4244: 'inicializando': conversión de 'double' a 'int'; posible pérdida de datos
D:\Repos\path-tracer\WhittedRaytracer\WhittedRaytracer\RayTracer.h(141,39): warning C4305: 'inicializando': truncamiento de 'double' a 'float'
D:\Repos\path-tracer\WhittedRaytracer\WhittedRaytracer\ObjectLoader.h(81,56): warning C4267: 'return': conversión de 'size_t' a 'int'; posible pérdida de datos
D:\Repos\path-tracer\WhittedRaytracer\WhittedRaytracer\nanoflann\nanoflann.h(1694,65): warning C4267: '=': conversión de 'size_t' a '_Ty'; posible pérdida de datos
          with
          [
              _Ty=std::_Vbase
          ]
D:\Repos\path-tracer\WhittedRaytracer\WhittedRaytracer\nanoflann\nanoflann.h(1689,10): message : al compilar la función del miembro clase plantilla "void nanoflann::KDTreeSingleIndexAdaptor<nanoflann::L2_Simple_Adaptor<float,PointCloud,T,uint32_t>,PointCloud,3,uint32_t>::init_vind(void)"
          with
          [
              T=float
          ]
D:\Repos\path-tracer\WhittedRaytracer\WhittedRaytracer\nanoflann\nanoflann.h(1549,18): message : vea la primera referencia a “nanoflann::KDTreeSingleIndexAdaptor<nanoflann::L2_Simple_Adaptor<float,PointCloud,T,uint32_t>,PointCloud,3,uint32_t>::init_vind” en “nanoflann::KDTreeSingleIndexAdaptor<nanoflann::L2_Simple_Adaptor<float,PointCloud,T,uint32_t>,PointCloud,3,uint32_t>::buildIndex”
          with
          [
              T=float
          ]
D:\Repos\path-tracer\WhittedRaytracer\WhittedRaytracer\nanoflann\nanoflann.h(1537,23): message : vea la primera referencia a “nanoflann::KDTreeSingleIndexAdaptor<nanoflann::L2_Simple_Adaptor<float,PointCloud,T,uint32_t>,PointCloud,3,uint32_t>::buildIndex” en “nanoflann::KDTreeSingleIndexAdaptor<nanoflann::L2_Simple_Adaptor<float,PointCloud,T,uint32_t>,PointCloud,3,uint32_t>::init”
          with
          [
              T=float
          ]
D:\Repos\path-tracer\WhittedRaytracer\WhittedRaytracer\nanoflann\nanoflann.h(1510,13): message : vea la primera referencia a “nanoflann::KDTreeSingleIndexAdaptor<nanoflann::L2_Simple_Adaptor<float,PointCloud,T,uint32_t>,PointCloud,3,uint32_t>::init” en “nanoflann::KDTreeSingleIndexAdaptor<nanoflann::L2_Simple_Adaptor<float,PointCloud,T,uint32_t>,PointCloud,3,uint32_t>::KDTreeSingleIndexAdaptor”
          with
          [
              T=float
          ]
D:\Repos\path-tracer\WhittedRaytracer\WhittedRaytracer\main.cpp(134,18): message : vea la primera referencia a “nanoflann::KDTreeSingleIndexAdaptor<nanoflann::L2_Simple_Adaptor<float,PointCloud,T,uint32_t>,PointCloud,3,uint32_t>::KDTreeSingleIndexAdaptor” en “wmain”
          with
          [
              T=float
          ]
D:\Repos\path-tracer\WhittedRaytracer\WhittedRaytracer\RayTracer.h(97,1): message : Vea la referencia a la creación de una instancia de clase plantilla "nanoflann::KDTreeSingleIndexAdaptor<nanoflann::L2_Simple_Adaptor<float,PointCloud,T,uint32_t>,PointCloud,3,uint32_t>" que se está compilando
          with
          [
              T=float
          ]
  Generando código
  1 of 3079 functions (<0.1%) were compiled, the rest were copied from previous compilation.
    0 functions were new in current compilation
    7 functions had inline decision re-evaluated but remain unchanged
  Generación de código finalizada
  WhittedRaytracer.vcxproj -> D:\Repos\path-tracer\WhittedRaytracer\x64\Release\WhittedRaytracer.exe
