c:\users\sebac\desktop\cga\path-tracer\whittedraytracer\whittedraytracer\x64\release\vc143.pdb
c:\users\sebac\desktop\cga\path-tracer\whittedraytracer\whittedraytracer\x64\release\main.obj
c:\users\sebac\desktop\cga\path-tracer\whittedraytracer\whittedraytracer\x64\release\pugixml.obj
c:\users\sebac\desktop\cga\path-tracer\whittedraytracer\whittedraytracer\x64\release\pantalla.obj
c:\users\sebac\desktop\cga\path-tracer\whittedraytracer\whittedraytracer\x64\release\luz.obj
c:\users\sebac\desktop\cga\path-tracer\whittedraytracer\whittedraytracer\x64\release\foton.obj
c:\users\sebac\desktop\cga\path-tracer\whittedraytracer\whittedraytracer\x64\release\esfera.obj
c:\users\sebac\desktop\cga\path-tracer\whittedraytracer\whittedraytracer\x64\release\escena.obj
c:\users\sebac\desktop\cga\path-tracer\whittedraytracer\whittedraytracer\x64\release\elemento.obj
c:\users\sebac\desktop\cga\path-tracer\whittedraytracer\whittedraytracer\x64\release\camara.obj
c:\users\sebac\desktop\cga\path-tracer\whittedraytracer\x64\release\whittedraytracer.exe
c:\users\sebac\desktop\cga\path-tracer\whittedraytracer\whittedraytracer\x64\release\whittedraytracer.ipdb
c:\users\sebac\desktop\cga\path-tracer\whittedraytracer\x64\release\whittedraytracer.pdb
c:\users\sebac\desktop\cga\path-tracer\whittedraytracer\whittedraytracer\x64\release\whittedraytracer.iobj
c:\users\sebac\desktop\cga\path-tracer\whittedraytracer\whittedraytracer\x64\release\whittedraytracer.tlog\cl.command.1.tlog
c:\users\sebac\desktop\cga\path-tracer\whittedraytracer\whittedraytracer\x64\release\whittedraytracer.tlog\cl.items.tlog
c:\users\sebac\desktop\cga\path-tracer\whittedraytracer\whittedraytracer\x64\release\whittedraytracer.tlog\cl.read.1.tlog
c:\users\sebac\desktop\cga\path-tracer\whittedraytracer\whittedraytracer\x64\release\whittedraytracer.tlog\cl.write.1.tlog
c:\users\sebac\desktop\cga\path-tracer\whittedraytracer\whittedraytracer\x64\release\whittedraytracer.tlog\link.command.1.tlog
c:\users\sebac\desktop\cga\path-tracer\whittedraytracer\whittedraytracer\x64\release\whittedraytracer.tlog\link.read.1.tlog
c:\users\sebac\desktop\cga\path-tracer\whittedraytracer\whittedraytracer\x64\release\whittedraytracer.tlog\link.write.1.tlog
