d:\repos\path-tracer\whittedraytracer\whittedraytracer\x64\debug\vc143.pdb
d:\repos\path-tracer\whittedraytracer\whittedraytracer\x64\debug\vc143.idb
d:\repos\path-tracer\whittedraytracer\whittedraytracer\x64\debug\main.obj
d:\repos\path-tracer\whittedraytracer\whittedraytracer\x64\debug\pugixml.obj
d:\repos\path-tracer\whittedraytracer\whittedraytracer\x64\debug\pantalla.obj
d:\repos\path-tracer\whittedraytracer\whittedraytracer\x64\debug\luz.obj
d:\repos\path-tracer\whittedraytracer\whittedraytracer\x64\debug\foton.obj
d:\repos\path-tracer\whittedraytracer\whittedraytracer\x64\debug\escena.obj
d:\repos\path-tracer\whittedraytracer\whittedraytracer\x64\debug\elemento.obj
d:\repos\path-tracer\whittedraytracer\whittedraytracer\x64\debug\camara.obj
d:\repos\path-tracer\whittedraytracer\whittedraytracer\x64\debug\esfera.obj
d:\repos\path-tracer\whittedraytracer\whittedraytracer\x64\debug\main.obj.enc
d:\repos\path-tracer\whittedraytracer\x64\debug\whittedraytracer.pdb
d:\repos\path-tracer\whittedraytracer\whittedraytracer\x64\debug\whittedraytracer.tlog\cl.command.1.tlog
d:\repos\path-tracer\whittedraytracer\whittedraytracer\x64\debug\whittedraytracer.tlog\cl.items.tlog
d:\repos\path-tracer\whittedraytracer\whittedraytracer\x64\debug\whittedraytracer.tlog\cl.read.1.tlog
d:\repos\path-tracer\whittedraytracer\whittedraytracer\x64\debug\whittedraytracer.tlog\cl.write.1.tlog
d:\repos\path-tracer\whittedraytracer\whittedraytracer\x64\debug\whittedraytracer.tlog\link.command.1.tlog
d:\repos\path-tracer\whittedraytracer\whittedraytracer\x64\debug\whittedraytracer.tlog\link.read.1.tlog
d:\repos\path-tracer\whittedraytracer\whittedraytracer\x64\debug\whittedraytracer.tlog\link.write.1.tlog
