c:\users\sebac\desktop\fing\comp grafica\raytracer\whittedraytracer\whittedraytracer\release\vc142.pdb
c:\users\sebac\desktop\fing\comp grafica\raytracer\whittedraytracer\whittedraytracer\release\raytracer.obj
c:\users\sebac\desktop\fing\comp grafica\raytracer\whittedraytracer\whittedraytracer\release\whitted.obj
c:\users\sebac\desktop\fing\comp grafica\raytracer\whittedraytracer\whittedraytracer\release\triangulo.obj
c:\users\sebac\desktop\fing\comp grafica\raytracer\whittedraytracer\whittedraytracer\release\rayo.obj
c:\users\sebac\desktop\fing\comp grafica\raytracer\whittedraytracer\whittedraytracer\release\pugixml.obj
c:\users\sebac\desktop\fing\comp grafica\raytracer\whittedraytracer\whittedraytracer\release\plano.obj
c:\users\sebac\desktop\fing\comp grafica\raytracer\whittedraytracer\whittedraytracer\release\pantalla.obj
c:\users\sebac\desktop\fing\comp grafica\raytracer\whittedraytracer\whittedraytracer\release\luz.obj
c:\users\sebac\desktop\fing\comp grafica\raytracer\whittedraytracer\whittedraytracer\release\esfera.obj
c:\users\sebac\desktop\fing\comp grafica\raytracer\whittedraytracer\whittedraytracer\release\escena.obj
c:\users\sebac\desktop\fing\comp grafica\raytracer\whittedraytracer\whittedraytracer\release\elemento.obj
c:\users\sebac\desktop\fing\comp grafica\raytracer\whittedraytracer\whittedraytracer\release\cilindro.obj
c:\users\sebac\desktop\fing\comp grafica\raytracer\whittedraytracer\whittedraytracer\release\camara.obj
c:\users\sebac\desktop\fing\comp grafica\raytracer\whittedraytracer\release\whittedraytracer.exe
c:\users\sebac\desktop\fing\comp grafica\raytracer\whittedraytracer\release\whittedraytracer.pdb
c:\users\sebac\desktop\fing\comp grafica\raytracer\whittedraytracer\release\whittedraytracer.ipdb
c:\users\sebac\desktop\fing\comp grafica\raytracer\whittedraytracer\release\whittedraytracer.iobj
c:\users\sebac\desktop\fing\comp grafica\raytracer\whittedraytracer\whittedraytracer\release\whittedraytracer.tlog\cl.command.1.tlog
c:\users\sebac\desktop\fing\comp grafica\raytracer\whittedraytracer\whittedraytracer\release\whittedraytracer.tlog\cl.read.1.tlog
c:\users\sebac\desktop\fing\comp grafica\raytracer\whittedraytracer\whittedraytracer\release\whittedraytracer.tlog\cl.write.1.tlog
c:\users\sebac\desktop\fing\comp grafica\raytracer\whittedraytracer\whittedraytracer\release\whittedraytracer.tlog\link.command.1.tlog
c:\users\sebac\desktop\fing\comp grafica\raytracer\whittedraytracer\whittedraytracer\release\whittedraytracer.tlog\link.read.1.tlog
c:\users\sebac\desktop\fing\comp grafica\raytracer\whittedraytracer\whittedraytracer\release\whittedraytracer.tlog\link.write.1.tlog
c:\users\sebac\desktop\fing\comp grafica\raytracer\whittedraytracer\whittedraytracer\release\whittedraytracer.tlog\whittedraytracer.write.1u.tlog
