  Camara.cpp
  Cilindro.cpp
D:\Repos\path-tracer\WhittedRaytracer\WhittedRaytracer\Plano.h(4,10): warning C4067: símbolos (token) inesperados después de la directiva del preprocesador; se esperaba una nueva línea
D:\Repos\path-tracer\WhittedRaytracer\WhittedRaytracer\Cilindro.cpp(27,13): warning C4244: 'inicializando': conversión de 'double' a 'float'; posible pérdida de datos
D:\Repos\path-tracer\WhittedRaytracer\WhittedRaytracer\Cilindro.cpp(29,13): warning C4244: 'inicializando': conversión de 'double' a 'float'; posible pérdida de datos
  Elemento.cpp
  Escena.cpp
D:\Repos\path-tracer\WhittedRaytracer\WhittedRaytracer\Plano.h(4,10): warning C4067: símbolos (token) inesperados después de la directiva del preprocesador; se esperaba una nueva línea
D:\Repos\path-tracer\WhittedRaytracer\WhittedRaytracer\Escena.cpp(29,54): warning C4244: '=': conversión de 'float' a 'BYTE'; posible pérdida de datos
D:\Repos\path-tracer\WhittedRaytracer\WhittedRaytracer\Escena.cpp(30,56): warning C4244: '=': conversión de 'float' a 'BYTE'; posible pérdida de datos
D:\Repos\path-tracer\WhittedRaytracer\WhittedRaytracer\Escena.cpp(31,55): warning C4244: '=': conversión de 'float' a 'BYTE'; posible pérdida de datos
D:\Repos\path-tracer\WhittedRaytracer\WhittedRaytracer\Escena.cpp(49,53): warning C4244: '=': conversión de 'float' a 'BYTE'; posible pérdida de datos
D:\Repos\path-tracer\WhittedRaytracer\WhittedRaytracer\Escena.cpp(50,55): warning C4244: '=': conversión de 'float' a 'BYTE'; posible pérdida de datos
D:\Repos\path-tracer\WhittedRaytracer\WhittedRaytracer\Escena.cpp(51,54): warning C4244: '=': conversión de 'float' a 'BYTE'; posible pérdida de datos
D:\Repos\path-tracer\WhittedRaytracer\WhittedRaytracer\Escena.cpp(79,50): warning C4244: '=': conversión de 'float' a 'BYTE'; posible pérdida de datos
D:\Repos\path-tracer\WhittedRaytracer\WhittedRaytracer\Escena.cpp(80,52): warning C4244: '=': conversión de 'float' a 'BYTE'; posible pérdida de datos
D:\Repos\path-tracer\WhittedRaytracer\WhittedRaytracer\Escena.cpp(81,51): warning C4244: '=': conversión de 'float' a 'BYTE'; posible pérdida de datos
D:\Repos\path-tracer\WhittedRaytracer\WhittedRaytracer\Escena.cpp(107,55): warning C4244: '=': conversión de 'float' a 'BYTE'; posible pérdida de datos
D:\Repos\path-tracer\WhittedRaytracer\WhittedRaytracer\Escena.cpp(108,57): warning C4244: '=': conversión de 'float' a 'BYTE'; posible pérdida de datos
D:\Repos\path-tracer\WhittedRaytracer\WhittedRaytracer\Escena.cpp(109,56): warning C4244: '=': conversión de 'float' a 'BYTE'; posible pérdida de datos
D:\Repos\path-tracer\WhittedRaytracer\WhittedRaytracer\Escena.cpp(140,54): warning C4244: '=': conversión de 'float' a 'BYTE'; posible pérdida de datos
D:\Repos\path-tracer\WhittedRaytracer\WhittedRaytracer\Escena.cpp(141,56): warning C4244: '=': conversión de 'float' a 'BYTE'; posible pérdida de datos
D:\Repos\path-tracer\WhittedRaytracer\WhittedRaytracer\Escena.cpp(142,55): warning C4244: '=': conversión de 'float' a 'BYTE'; posible pérdida de datos
D:\Repos\path-tracer\WhittedRaytracer\WhittedRaytracer\Escena.cpp(10,10): warning C4101: 'color': variable local sin referencia
  Esfera.cpp
D:\Repos\path-tracer\WhittedRaytracer\WhittedRaytracer\Esfera.cpp(26,45): warning C4244: '=': conversión de 'double' a 'float'; posible pérdida de datos
D:\Repos\path-tracer\WhittedRaytracer\WhittedRaytracer\Esfera.cpp(28,17): warning C4244: 'inicializando': conversión de 'double' a 'float'; posible pérdida de datos
  Luz.cpp
  Pantalla.cpp
D:\Repos\path-tracer\WhittedRaytracer\WhittedRaytracer\Pantalla.cpp(42,24): warning C4244: 'inicializando': conversión de 'double' a 'float'; posible pérdida de datos
D:\Repos\path-tracer\WhittedRaytracer\WhittedRaytracer\Pantalla.cpp(43,22): warning C4244: 'inicializando': conversión de 'double' a 'float'; posible pérdida de datos
  Plano.cpp
D:\Repos\path-tracer\WhittedRaytracer\WhittedRaytracer\Plano.h(4,10): warning C4067: símbolos (token) inesperados después de la directiva del preprocesador; se esperaba una nueva línea
  pugixml.cpp
  Rayo.cpp
  Triangulo.cpp
D:\Repos\path-tracer\WhittedRaytracer\WhittedRaytracer\Plano.h(4,10): warning C4067: símbolos (token) inesperados después de la directiva del preprocesador; se esperaba una nueva línea
  Whitted.cpp
D:\Repos\path-tracer\WhittedRaytracer\WhittedRaytracer\Plano.h(4,10): warning C4067: símbolos (token) inesperados después de la directiva del preprocesador; se esperaba una nueva línea
D:\Repos\path-tracer\WhittedRaytracer\WhittedRaytracer\Whitted.cpp(37,25): warning C4244: '=': conversión de 'float' a 'BYTE'; posible pérdida de datos
D:\Repos\path-tracer\WhittedRaytracer\WhittedRaytracer\Whitted.cpp(38,27): warning C4244: '=': conversión de 'float' a 'BYTE'; posible pérdida de datos
D:\Repos\path-tracer\WhittedRaytracer\WhittedRaytracer\Whitted.cpp(39,26): warning C4244: '=': conversión de 'float' a 'BYTE'; posible pérdida de datos
D:\Repos\path-tracer\WhittedRaytracer\WhittedRaytracer\Whitted.cpp(53,23): warning C4018: '<': no coinciden signed/unsigned
D:\Repos\path-tracer\WhittedRaytracer\WhittedRaytracer\Whitted.cpp(112,77): warning C4244: '=': conversión de 'T' a 'BYTE'; posible pérdida de datos
          with
          [
              T=float
          ]
D:\Repos\path-tracer\WhittedRaytracer\WhittedRaytracer\Whitted.cpp(113,79): warning C4244: '=': conversión de 'T' a 'BYTE'; posible pérdida de datos
          with
          [
              T=float
          ]
D:\Repos\path-tracer\WhittedRaytracer\WhittedRaytracer\Whitted.cpp(114,78): warning C4244: '=': conversión de 'T' a 'BYTE'; posible pérdida de datos
          with
          [
              T=float
          ]
D:\Repos\path-tracer\WhittedRaytracer\WhittedRaytracer\Whitted.cpp(118,23): warning C4018: '<': no coinciden signed/unsigned
D:\Repos\path-tracer\WhittedRaytracer\WhittedRaytracer\Whitted.cpp(134,31): warning C4018: '<': no coinciden signed/unsigned
D:\Repos\path-tracer\WhittedRaytracer\WhittedRaytracer\Whitted.cpp(152,43): warning C4244: '=': conversión de 'float' a 'BYTE'; posible pérdida de datos
D:\Repos\path-tracer\WhittedRaytracer\WhittedRaytracer\Whitted.cpp(153,45): warning C4244: '=': conversión de 'float' a 'BYTE'; posible pérdida de datos
D:\Repos\path-tracer\WhittedRaytracer\WhittedRaytracer\Whitted.cpp(154,44): warning C4244: '=': conversión de 'float' a 'BYTE'; posible pérdida de datos
D:\Repos\path-tracer\WhittedRaytracer\WhittedRaytracer\Whitted.cpp(159,79): warning C4244: '+=': conversión de 'double' a 'BYTE'; posible pérdida de datos
D:\Repos\path-tracer\WhittedRaytracer\WhittedRaytracer\Whitted.cpp(160,81): warning C4244: '+=': conversión de 'double' a 'BYTE'; posible pérdida de datos
D:\Repos\path-tracer\WhittedRaytracer\WhittedRaytracer\Whitted.cpp(161,80): warning C4244: '+=': conversión de 'double' a 'BYTE'; posible pérdida de datos
D:\Repos\path-tracer\WhittedRaytracer\WhittedRaytracer\Whitted.cpp(166,42): warning C4244: '=': conversión de 'float' a 'BYTE'; posible pérdida de datos
D:\Repos\path-tracer\WhittedRaytracer\WhittedRaytracer\Whitted.cpp(167,44): warning C4244: '=': conversión de 'float' a 'BYTE'; posible pérdida de datos
D:\Repos\path-tracer\WhittedRaytracer\WhittedRaytracer\Whitted.cpp(168,43): warning C4244: '=': conversión de 'float' a 'BYTE'; posible pérdida de datos
D:\Repos\path-tracer\WhittedRaytracer\WhittedRaytracer\Whitted.cpp(187,42): warning C4244: '=': conversión de 'float' a 'BYTE'; posible pérdida de datos
D:\Repos\path-tracer\WhittedRaytracer\WhittedRaytracer\Whitted.cpp(188,44): warning C4244: '=': conversión de 'float' a 'BYTE'; posible pérdida de datos
D:\Repos\path-tracer\WhittedRaytracer\WhittedRaytracer\Whitted.cpp(189,43): warning C4244: '=': conversión de 'float' a 'BYTE'; posible pérdida de datos
D:\Repos\path-tracer\WhittedRaytracer\WhittedRaytracer\Whitted.cpp(196,36): warning C4244: 'inicializando': conversión de 'double' a 'float'; posible pérdida de datos
D:\Repos\path-tracer\WhittedRaytracer\WhittedRaytracer\Whitted.cpp(197,33): warning C4244: 'inicializando': conversión de 'double' a 'float'; posible pérdida de datos
D:\Repos\path-tracer\WhittedRaytracer\WhittedRaytracer\Whitted.cpp(203,45): warning C4305: '=': truncamiento de 'double' a 'float'
  Raytracer.cpp
D:\Repos\path-tracer\WhittedRaytracer\WhittedRaytracer\Plano.h(4,10): warning C4067: símbolos (token) inesperados después de la directiva del preprocesador; se esperaba una nueva línea
  Generando código
  Previous IPDB not found, fall back to full compilation.
  All 391 functions were compiled because no usable IPDB/IOBJ from previous compilation was found.
  Generación de código finalizada
  WhittedRaytracer.vcxproj -> D:\Repos\path-tracer\WhittedRaytracer\Release\WhittedRaytracer.exe
